def rst2 : Format := ({255}, {210});

def eoi : Format := ({255}, {217});

def dht : Format := ({255}, {196});

def dhp : Format := ({255}, {222});

def sof14 : Format := ({255}, {206});

def sof15 : Format := ({255}, {207});

def exp : Format := ({255}, {223});

def dac : Format := ({255}, {204});

def jpeg : Format := ({255}, {200});

def app13 : Format := ({255}, {237});

def sof1 : Format := ({255}, {193});

def rst7 : Format := ({255}, {215});

def sof3 : Format := ({255}, {195});

def rst0 : Format := ({255}, {208});

def soi : Format := ({255}, {216});

def rst5 : Format := ({255}, {213});

def app4 : Format := ({255}, {228});

def sos : Format := ({255}, {218});

def sof11 : Format := ({255}, {203});

def sof9 : Format := ({255}, {201});

def sof13 : Format := ({255}, {205});

def rst3 : Format := ({255}, {211});

def app0 : Format := ({255}, {224});

def rst1 : Format := ({255}, {209});

def app8 : Format := ({255}, {232});

def sof6 : Format := ({255}, {198});

def dqt : Format := ({255}, {219});

def app6 : Format := ({255}, {230});

def app2 : Format := ({255}, {226});

def com : Format := ({255}, {254});

def rst6 : Format := ({255}, {214});

def dnl : Format := ({255}, {220});

def app15 : Format := ({255}, {239});

def app12 : Format := ({255}, {236});

def sof5 : Format := ({255}, {197});

def app1 : Format := ({255}, {225});

def app5 : Format := ({255}, {229});

def app9 : Format := ({255}, {233});

def sof10 : Format := ({255}, {202});

def app10 : Format := ({255}, {234});

def sof0 : Format := ({255}, {192});

def app14 : Format := ({255}, {238});

def app7 : Format := ({255}, {231});

def sof7 : Format := ({255}, {199});

def app3 : Format := ({255}, {227});

def dri : Format := ({255}, {221});

def app11 : Format := ({255}, {235});

def sof2 : Format := ({255}, {194});

def rst4 : Format := ({255}, {212});

