format u64le :=
  let b0 <- byte;
  let b1 <- byte;
  let b2 <- byte;
  let b3 <- byte;
  let b4 <- byte;
  let b5 <- byte;
  let b6 <- byte;
  let b7 <- byte;
  #pure
    #Int64
    (#int64-bit-or
       (#int64-bit-or
          (#int64-bit-or
             (#int64-bit-or
                (#int64-bit-or
                   (#int64-bit-or
                      (#int64-bit-or b0 (#int64-bit-shl b1 8))
                      (#int64-bit-shl b2 16))
                   (#int64-bit-shl b3 24))
                (#int64-bit-shl b4 32))
             (#int64-bit-shl b5 40))
          (#int64-bit-shl b6 48))
       (#int64-bit-shl b7 56));

format u64be :=
  let b0 <- byte;
  let b1 <- byte;
  let b2 <- byte;
  let b3 <- byte;
  let b4 <- byte;
  let b5 <- byte;
  let b6 <- byte;
  let b7 <- byte;
  #pure
    #Int64
    (#int64-bit-or
       (#int64-bit-or
          (#int64-bit-or
             (#int64-bit-or
                (#int64-bit-or
                   (#int64-bit-or
                      (#int64-bit-or
                         (#int64-bit-shl b0 56)
                         (#int64-bit-shl b1 48))
                      (#int64-bit-shl b2 40))
                   (#int64-bit-shl b3 32))
                (#int64-bit-shl b4 24))
             (#int64-bit-shl b5 16))
          (#int64-bit-shl b6 8))
       b7);

format u16le :=
  let b0 <- byte;
  let b1 <- byte;
  #pure #Int64 (#int64-bit-or b0 (#int64-bit-shl b1 8));

format u32le :=
  let b0 <- byte;
  let b1 <- byte;
  let b2 <- byte;
  let b3 <- byte;
  #pure
    #Int64
    (#int64-bit-or
       (#int64-bit-or
          (#int64-bit-or b0 (#int64-bit-shl b1 8))
          (#int64-bit-shl b2 16))
       (#int64-bit-shl b3 24));

format u24be :=
  let b0 <- byte;
  let b1 <- byte;
  let b2 <- byte;
  #pure
    #Int64
    (#int64-bit-or
       (#int64-bit-or (#int64-bit-shl b0 16) (#int64-bit-shl b1 16))
       b2);

format u16be :=
  let b0 <- byte;
  let b1 <- byte;
  #pure #Int64 (#int64-bit-or (#int64-bit-shl b0 8) b1);

format u8 := byte;

format u32be :=
  let b0 <- byte;
  let b1 <- byte;
  let b2 <- byte;
  let b3 <- byte;
  #pure
    #Int64
    (#int64-bit-or
       (#int64-bit-or
          (#int64-bit-or (#int64-bit-shl b0 24) (#int64-bit-shl b1 16))
          (#int64-bit-shl b2 8))
       b3);

format u24le :=
  let b0 <- byte;
  let b1 <- byte;
  let b2 <- byte;
  #pure
    #Int64
    (#int64-bit-or
       (#int64-bit-or b0 (#int64-bit-shl b1 8))
       (#int64-bit-shl b2 16));
